Arguments: 
  /Users/habryka/.nvm/versions/node/v12.18.3/bin/node /usr/local/Cellar/yarn/1.22.4/libexec/bin/yarn.js

PATH: 
  /Users/habryka/.nvm/versions/node/v12.18.3/bin:/usr/local/bin:/usr/local/sbin:/usr/bin:/bin:/usr/sbin:/sbin:/Users/habryka/.nvm/versions/node/v12.18.3/bin

Yarn version: 
  1.22.4

Node version: 
  12.18.3

Platform: 
  darwin x64

Trace: 
  SyntaxError: /Users/habryka/LessWrong/ckeditor5-build-balloon/package.json: Unexpected token } in JSON at position 2374
      at JSON.parse (<anonymous>)
      at /usr/local/Cellar/yarn/1.22.4/libexec/lib/cli.js:1625:59
      at Generator.next (<anonymous>)
      at step (/usr/local/Cellar/yarn/1.22.4/libexec/lib/cli.js:310:30)
      at /usr/local/Cellar/yarn/1.22.4/libexec/lib/cli.js:321:13

npm manifest: 
  {
    "name": "@ckeditor/ckeditor5-build-balloon",
    "version": "22.0.0",
    "description": "The balloon editor build of CKEditor 5 – the best browser-based rich text editor.",
    "keywords": [
      "wysiwyg",
      "rich text",
      "editor",
      "html",
      "contentEditable",
      "editing",
      "operational transformation",
      "ot",
      "collaboration",
      "collaborative",
      "real-time",
      "framework",
      "ckeditor5-build",
      "ckeditor",
      "ckeditor5",
      "ckeditor 5"
    ],
    "main": "./build/ckeditor.js",
    "files": [
      "build"
    ],
    "devDependencies": {
      "@ckeditor/ckeditor5-adapter-ckfinder": "^22.0.0",
      "@ckeditor/ckeditor5-autoformat": "^22.0.0",
      "@ckeditor/ckeditor5-basic-styles": "^22.0.0",
      "@ckeditor/ckeditor5-block-quote": "^22.0.0",
      "@ckeditor/ckeditor5-ckfinder": "^22.0.0",
      "@ckeditor/ckeditor5-core": "^22.0.0",
      "@ckeditor/ckeditor5-dev-utils": "^20.0.0",
      "@ckeditor/ckeditor5-dev-webpack-plugin": "^20.0.0",
      "@ckeditor/ckeditor5-easy-image": "^22.0.0",
      "@ckeditor/ckeditor5-editor-balloon": "^22.0.0",
      "@ckeditor/ckeditor5-essentials": "^22.0.0",
      "@ckeditor/ckeditor5-heading": "^22.0.0",
      "@ckeditor/ckeditor5-image": "^22.0.0",
      "@ckeditor/ckeditor5-indent": "^22.0.0",
      "@ckeditor/ckeditor5-link": "^22.0.0",
      "@ckeditor/ckeditor5-list": "^22.0.0",
      "@ckeditor/ckeditor5-media-embed": "^22.0.0",
      "@ckeditor/ckeditor5-paragraph": "^22.0.0",
      "@ckeditor/ckeditor5-paste-from-office": "^22.0.0",
      "@ckeditor/ckeditor5-table": "^22.0.0",
      "@ckeditor/ckeditor5-typing": "^22.0.0",
      "@ckeditor/ckeditor5-theme-lark": "^22.0.0",
      "postcss-loader": "^3.0.0",
      "raw-loader": "^4.0.1",
      "style-loader": "^1.2.1",
      "terser-webpack-plugin": "^3.0.2",
      "webpack": "^4.43.0",
      "webpack-cli": "^3.3.11"
    },
    "engines": {
      "node": ">=12.0.0",
      "npm": ">=5.7.1"
    },
    "author": "CKSource (http://cksource.com/)",
    "license": "GPL-2.0-or-later",
    "homepage": "https://ckeditor.com/ckeditor-5",
    "bugs": "https://github.com/ckeditor/ckeditor5/issues",
    "repository": {
      "type": "git",
      "url": "https://github.com/ckeditor/ckeditor5.git",
      "directory": "packages/ckeditor5-build-balloon"
    },
    "scripts": {
      "build": "webpack --mode production",
      "preversion": "npm run build",
      "build-dev": "webpack --mode development --watch",
    }
  }

yarn manifest: 
  No manifest

Lockfile: 
  No lockfile
